<?xml version='1.0' encoding='UTF-8'?>
<testsuite hostname="ITechDream" name="com.cloudxlab.logparsing.LogParserSpec" tests="2" errors="0" failures="0" skipped="0" time="0.041" timestamp="2018-11-15T18:52:37">
                     <properties>
      <property name="jline.esc.timeout" value="0"/><property name="java.runtime.name" value="Java(TM) SE Runtime Environment"/><property name="sun.boot.library.path" value="C:\Program Files (x86)\Java\jre1.8.0_191\bin"/><property name="java.vm.version" value="25.191-b12"/><property name="java.vm.vendor" value="Oracle Corporation"/><property name="java.vendor.url" value="http://java.oracle.com/"/><property name="path.separator" value=";"/><property name="jna.loaded" value="true"/><property name="java.vm.name" value="Java HotSpot(TM) Client VM"/><property name="file.encoding.pkg" value="sun.io"/><property name="user.country" value="US"/><property name="user.script" value=""/><property name="sun.java.launcher" value="SUN_STANDARD"/><property name="sun.os.patch.level" value=""/><property name="jna.nosys" value="true"/><property name="java.vm.specification.name" value="Java Virtual Machine Specification"/><property name="user.dir" value="C:\Users\Shajahan\Documents\GitHub\bigdata\spark\projects\apache-log-parsing_sbt"/><property name="java.runtime.version" value="1.8.0_191-b12"/><property name="java.awt.graphicsenv" value="sun.awt.Win32GraphicsEnvironment"/><property name="java.endorsed.dirs" value="C:\Program Files (x86)\Java\jre1.8.0_191\lib\endorsed"/><property name="os.arch" value="x86"/><property name="java.io.tmpdir" value="C:\Users\Shajahan\AppData\Local\Temp\"/><property name="line.separator" value="
"/><property name="java.vm.specification.vendor" value="Oracle Corporation"/><property name="user.variant" value=""/><property name="os.name" value="Windows 10"/><property name="sun.jnu.encoding" value="Cp1252"/><property name="jnidispatch.path" value="C:\Users\Shajahan\AppData\Local\Temp\jna--686614286\jna4753385398798057600.dll"/><property name="java.library.path" value="C:\Program Files (x86)\Common Files\Oracle\Java\javapath;C:\WINDOWS\Sun\Java\bin;C:\WINDOWS\system32;C:\WINDOWS;C:\Program Files (x86)\Common Files\Oracle\Java\javapath;C:\WINDOWS\system32;C:\WINDOWS;C:\WINDOWS\System32\Wbem;C:\WINDOWS\System32\WindowsPowerShell\v1.0\;C:\Program Files\Microsoft SQL Server\120\Tools\Binn\;C:\WINDOWS\System32\OpenSSH\;C:\Program Files (x86)\sbt\bin;C:\Program Files\Java\jdk-10.0.1\bin;C:\Users\Shajahan\AppData\Local\Programs\Python\Python36-32\Scripts\;C:\Users\Shajahan\AppData\Local\Programs\Python\Python36-32\;C:\Users\Shajahan\AppData\Local\Microsoft\WindowsApps;C:\Users\Shajahan\AppData\Local\GitHubDesktop\bin;."/><property name="java.specification.name" value="Java Platform API Specification"/><property name="java.class.version" value="52.0"/><property name="sun.management.compiler" value="HotSpot Client Compiler"/><property name="os.version" value="10.0"/><property name="user.home" value="C:\Users\Shajahan"/><property name="user.timezone" value="Asia/Calcutta"/><property name="java.awt.printerjob" value="sun.awt.windows.WPrinterJob"/><property name="file.encoding" value="Cp1252"/><property name="java.specification.version" value="1.8"/><property name="sbt.log.format" value="true"/><property name="java.class.path" value="C:\Program Files (x86)\sbt\bin\sbt-launch.jar"/><property name="user.name" value="Shajahan"/><property name="jline.shutdownhook" value="false"/><property name="java.vm.specification.version" value="1.8"/><property name="sun.java.command" value="xsbt.boot.Boot test"/><property name="java.home" value="C:\Program Files (x86)\Java\jre1.8.0_191"/><property name="sun.arch.data.model" value="32"/><property name="user.language" value="en"/><property name="java.specification.vendor" value="Oracle Corporation"/><property name="awt.toolkit" value="sun.awt.windows.WToolkit"/><property name="java.vm.info" value="mixed mode"/><property name="java.version" value="1.8.0_191"/><property name="java.ext.dirs" value="C:\Program Files (x86)\Java\jre1.8.0_191\lib\ext;C:\WINDOWS\Sun\Java\lib\ext"/><property name="sun.boot.class.path" value="C:\Program Files (x86)\Java\jre1.8.0_191\lib\resources.jar;C:\Program Files (x86)\Java\jre1.8.0_191\lib\rt.jar;C:\Program Files (x86)\Java\jre1.8.0_191\lib\sunrsasign.jar;C:\Program Files (x86)\Java\jre1.8.0_191\lib\jsse.jar;C:\Program Files (x86)\Java\jre1.8.0_191\lib\jce.jar;C:\Program Files (x86)\Java\jre1.8.0_191\lib\charsets.jar;C:\Program Files (x86)\Java\jre1.8.0_191\lib\jfr.jar;C:\Program Files (x86)\Java\jre1.8.0_191\classes"/><property name="java.vendor" value="Oracle Corporation"/><property name="sun.stderr.encoding" value="cp437"/><property name="file.separator" value="\"/><property name="java.vendor.url.bug" value="http://bugreport.sun.com/bugreport/"/><property name="sun.io.unicode.encoding" value="UnicodeLittle"/><property name="sun.cpu.endian" value="little"/><property name="sun.stdout.encoding" value="cp437"/><property name="sun.desktop" value="windows"/><property name="sun.cpu.isalist" value="pentium_pro+mmx pentium_pro pentium+mmx pentium i486 i386 i86"/>
    </properties>
                     <testcase classname="com.cloudxlab.logparsing.LogParserSpec" name="extractIP should Extract IP Address" time="0.039">
                                                 
                                               </testcase><testcase classname="com.cloudxlab.logparsing.LogParserSpec" name="containsIP should Check if IP exists in the log line" time="0.002">
                                                 
                                               </testcase>
                     <system-out><![CDATA[]]></system-out>
                     <system-err><![CDATA[]]></system-err>
                   </testsuite>